<?xml version="1.0" encoding="UTF-8"?>
<!-- Generated by org.testng.reporters.JUnitXMLReporter -->
<testsuite ignored="8" hostname="DESKTOP-AFMG1R7" failures="0" tests="5" name="ChromeTest" time="9.883" errors="0" timestamp="2020-11-16T22:07:08 EST">
  <testcase classname="Implementation.TestCase1" name="AequilibriumTC1" time="0.095"/>
  <testcase classname="Implementation.TestCase2" name="AequilibriumTC2" time="0.003"/>
  <testcase classname="Implementation.TestCase3" name="AequilibriumTC3" time="0.001"/>
  <testcase classname="Implementation.TestCase4" name="AequilibriumTC4" time="0.001"/>
  <testcase classname="Implementation.TestCase5" name="AequilibriumTC5" time="0.002"/>
  <testcase classname="Implementation.BaseClass" name="@BeforeTest SetupApplication" time="0.0">
    <ignored/>
  </testcase> <!-- @BeforeTest SetupApplication -->
  <testcase classname="Implementation.BaseClass" name="@BeforeTest SetupApplication" time="0.0">
    <ignored/>
  </testcase> <!-- @BeforeTest SetupApplication -->
  <testcase classname="Implementation.BaseClass" name="@BeforeTest SetupApplication" time="0.0">
    <ignored/>
  </testcase> <!-- @BeforeTest SetupApplication -->
  <testcase classname="Implementation.BaseClass" name="@BeforeTest SetupApplication" time="0.0">
    <ignored/>
  </testcase> <!-- @BeforeTest SetupApplication -->
  <testcase classname="Implementation.BaseClass" name="@AfterTest tearDown" time="0.0">
    <ignored/>
  </testcase> <!-- @AfterTest tearDown -->
  <testcase classname="Implementation.BaseClass" name="@AfterTest tearDown" time="0.0">
    <ignored/>
  </testcase> <!-- @AfterTest tearDown -->
  <testcase classname="Implementation.BaseClass" name="@AfterTest tearDown" time="0.0">
    <ignored/>
  </testcase> <!-- @AfterTest tearDown -->
  <testcase classname="Implementation.BaseClass" name="@AfterTest tearDown" time="0.0">
    <ignored/>
  </testcase> <!-- @AfterTest tearDown -->
</testsuite> <!-- ChromeTest -->
